#! /c/Source/iverilog-install/bin/vvp
:ivl_version "12.0 (devel)" "(s20150603-1539-g2693dd32b)";
:ivl_delay_selection "TYPICAL";
:vpi_time_precision + 0;
:vpi_module "C:\iverilog\lib\ivl\system.vpi";
:vpi_module "C:\iverilog\lib\ivl\vhdl_sys.vpi";
:vpi_module "C:\iverilog\lib\ivl\vhdl_textio.vpi";
:vpi_module "C:\iverilog\lib\ivl\v2005_math.vpi";
:vpi_module "C:\iverilog\lib\ivl\va_math.vpi";
S_0000021794a5ed70 .scope module, "siso_reg" "siso_reg" 2 1;
 .timescale 0 0;
    .port_info 0 /INPUT 1 "clk";
    .port_info 1 /INPUT 1 "reset";
    .port_info 2 /INPUT 1 "data_in";
    .port_info 3 /OUTPUT 1 "data_out";
P_0000021794b169d0 .param/l "N" 0 2 1, +C4<00000000000000000000000000001000>;
o0000021794b16fd8 .functor BUFZ 1, C4<z>; HiZ drive
v0000021794a5ef00_0 .net "clk", 0 0, o0000021794b16fd8;  0 drivers
o0000021794b17008 .functor BUFZ 1, C4<z>; HiZ drive
v0000021794ae3120_0 .net "data_in", 0 0, o0000021794b17008;  0 drivers
v0000021794a5be30_0 .var "data_out", 0 0;
o0000021794b17068 .functor BUFZ 1, C4<z>; HiZ drive
v0000021794a5bed0_0 .net "reset", 0 0, o0000021794b17068;  0 drivers
v0000021794a5bf70_0 .var "shift_reg", 7 0;
E_0000021794b16110/0 .event anyedge, v0000021794a5bed0_0;
E_0000021794b16110/1 .event posedge, v0000021794a5ef00_0;
E_0000021794b16110 .event/or E_0000021794b16110/0, E_0000021794b16110/1;
    .scope S_0000021794a5ed70;
T_0 ;
    %wait E_0000021794b16110;
    %load/vec4 v0000021794a5bed0_0;
    %flag_set/vec4 8;
    %jmp/0xz  T_0.0, 8;
    %pushi/vec4 0, 0, 8;
    %assign/vec4 v0000021794a5bf70_0, 0;
    %pushi/vec4 0, 0, 1;
    %assign/vec4 v0000021794a5be30_0, 0;
    %jmp T_0.1;
T_0.0 ;
    %load/vec4 v0000021794a5bf70_0;
    %load/vec4 v0000021794ae3120_0;
    %concat/vec4; draw_concat_vec4
    %pad/u 8;
    %assign/vec4 v0000021794a5bf70_0, 0;
    %load/vec4 v0000021794a5bf70_0;
    %parti/s 1, 7, 4;
    %assign/vec4 v0000021794a5be30_0, 0;
T_0.1 ;
    %jmp T_0;
    .thread T_0;
# The file index is used to find the file name in the following table.
:file_names 3;
    "N/A";
    "<interactive>";
    "siso_reg.v";
