#! /c/Source/iverilog-install/bin/vvp
:ivl_version "12.0 (devel)" "(s20150603-1539-g2693dd32b)";
:ivl_delay_selection "TYPICAL";
:vpi_time_precision - 12;
:vpi_module "C:\iverilog\lib\ivl\system.vpi";
:vpi_module "C:\iverilog\lib\ivl\vhdl_sys.vpi";
:vpi_module "C:\iverilog\lib\ivl\vhdl_textio.vpi";
:vpi_module "C:\iverilog\lib\ivl\v2005_math.vpi";
:vpi_module "C:\iverilog\lib\ivl\va_math.vpi";
S_0000022e9c4c2e50 .scope module, "dflipflop" "dflipflop" 2 2;
 .timescale -9 -12;
    .port_info 0 /INPUT 1 "d";
    .port_info 1 /INPUT 1 "clk";
    .port_info 2 /INPUT 1 "en";
    .port_info 3 /INPUT 1 "reset";
    .port_info 4 /OUTPUT 1 "q";
o0000022e9c4f6f28 .functor BUFZ 1, C4<z>; HiZ drive
v0000022e9c4c33a0_0 .net "clk", 0 0, o0000022e9c4f6f28;  0 drivers
o0000022e9c4f6f58 .functor BUFZ 1, C4<z>; HiZ drive
v0000022e9c4c2fe0_0 .net "d", 0 0, o0000022e9c4f6f58;  0 drivers
o0000022e9c4f6f88 .functor BUFZ 1, C4<z>; HiZ drive
v0000022e9c4c3080_0 .net "en", 0 0, o0000022e9c4f6f88;  0 drivers
v0000022e9c4c3120_0 .var "q", 0 0;
o0000022e9c4f6fe8 .functor BUFZ 1, C4<z>; HiZ drive
v0000022e9c5dea50_0 .net "reset", 0 0, o0000022e9c4f6fe8;  0 drivers
E_0000022e9c4f49c0 .event posedge, v0000022e9c5dea50_0, v0000022e9c4c33a0_0;
    .scope S_0000022e9c4c2e50;
T_0 ;
    %wait E_0000022e9c4f49c0;
    %load/vec4 v0000022e9c5dea50_0;
    %flag_set/vec4 8;
    %jmp/0xz  T_0.0, 8;
    %pushi/vec4 0, 0, 1;
    %assign/vec4 v0000022e9c4c3120_0, 0;
    %jmp T_0.1;
T_0.0 ;
    %load/vec4 v0000022e9c4c3080_0;
    %flag_set/vec4 8;
    %jmp/0xz  T_0.2, 8;
    %load/vec4 v0000022e9c4c2fe0_0;
    %assign/vec4 v0000022e9c4c3120_0, 0;
T_0.2 ;
T_0.1 ;
    %jmp T_0;
    .thread T_0;
# The file index is used to find the file name in the following table.
:file_names 3;
    "N/A";
    "<interactive>";
    "dflipflop.v";
