#! /c/Source/iverilog-install/bin/vvp
:ivl_version "12.0 (devel)" "(s20150603-1539-g2693dd32b)";
:ivl_delay_selection "TYPICAL";
:vpi_time_precision - 12;
:vpi_module "C:\iverilog\lib\ivl\system.vpi";
:vpi_module "C:\iverilog\lib\ivl\vhdl_sys.vpi";
:vpi_module "C:\iverilog\lib\ivl\vhdl_textio.vpi";
:vpi_module "C:\iverilog\lib\ivl\v2005_math.vpi";
:vpi_module "C:\iverilog\lib\ivl\va_math.vpi";
S_000001f0c9255b60 .scope module, "tb" "tb" 2 5;
 .timescale -9 -12;
v000001f0c933c180_0 .var "clk", 0 0;
v000001f0c933c220_0 .var "d", 0 0;
v000001f0c933c2c0_0 .var "en", 0 0;
v000001f0c933c360_0 .net "q", 0 0, v000001f0c9255f20_0;  1 drivers
v000001f0c933c400_0 .var "reset", 0 0;
S_000001f0c9255cf0 .scope module, "uut" "dflipflop" 2 9, 3 2 0, S_000001f0c9255b60;
 .timescale -9 -12;
    .port_info 0 /INPUT 1 "d";
    .port_info 1 /INPUT 1 "clk";
    .port_info 2 /INPUT 1 "en";
    .port_info 3 /INPUT 1 "reset";
    .port_info 4 /OUTPUT 1 "q";
v000001f0c92233e0_0 .net "clk", 0 0, v000001f0c933c180_0;  1 drivers
v000001f0c9223160_0 .net "d", 0 0, v000001f0c933c220_0;  1 drivers
v000001f0c9255e80_0 .net "en", 0 0, v000001f0c933c2c0_0;  1 drivers
v000001f0c9255f20_0 .var "q", 0 0;
v000001f0c933c0e0_0 .net "reset", 0 0, v000001f0c933c400_0;  1 drivers
E_000001f0c9339b30 .event posedge, v000001f0c933c0e0_0, v000001f0c92233e0_0;
    .scope S_000001f0c9255cf0;
T_0 ;
    %wait E_000001f0c9339b30;
    %load/vec4 v000001f0c933c0e0_0;
    %flag_set/vec4 8;
    %jmp/0xz  T_0.0, 8;
    %pushi/vec4 0, 0, 1;
    %assign/vec4 v000001f0c9255f20_0, 0;
    %jmp T_0.1;
T_0.0 ;
    %load/vec4 v000001f0c9255e80_0;
    %flag_set/vec4 8;
    %jmp/0xz  T_0.2, 8;
    %load/vec4 v000001f0c9223160_0;
    %assign/vec4 v000001f0c9255f20_0, 0;
T_0.2 ;
T_0.1 ;
    %jmp T_0;
    .thread T_0;
    .scope S_000001f0c9255b60;
T_1 ;
    %vpi_call 2 18 "$dumpfile", "dump.vcd" {0 0 0};
    %vpi_call 2 19 "$dumpvars", 32'sb00000000000000000000000000000000, S_000001f0c9255b60 {0 0 0};
    %end;
    .thread T_1;
    .scope S_000001f0c9255b60;
T_2 ;
    %pushi/vec4 0, 0, 1;
    %store/vec4 v000001f0c933c180_0, 0, 1;
T_2.0 ;
    %delay 5000, 0;
    %load/vec4 v000001f0c933c180_0;
    %inv;
    %store/vec4 v000001f0c933c180_0, 0, 1;
    %jmp T_2.0;
    %end;
    .thread T_2;
    .scope S_000001f0c9255b60;
T_3 ;
    %pushi/vec4 0, 0, 1;
    %store/vec4 v000001f0c933c220_0, 0, 1;
    %pushi/vec4 0, 0, 1;
    %store/vec4 v000001f0c933c2c0_0, 0, 1;
    %pushi/vec4 0, 0, 1;
    %store/vec4 v000001f0c933c400_0, 0, 1;
    %delay 2000, 0;
    %pushi/vec4 1, 0, 1;
    %store/vec4 v000001f0c933c400_0, 0, 1;
    %delay 8000, 0;
    %pushi/vec4 0, 0, 1;
    %store/vec4 v000001f0c933c400_0, 0, 1;
    %delay 5000, 0;
    %pushi/vec4 1, 0, 1;
    %store/vec4 v000001f0c933c2c0_0, 0, 1;
    %pushi/vec4 1, 0, 1;
    %store/vec4 v000001f0c933c220_0, 0, 1;
    %delay 10000, 0;
    %pushi/vec4 0, 0, 1;
    %store/vec4 v000001f0c933c220_0, 0, 1;
    %delay 10000, 0;
    %pushi/vec4 0, 0, 1;
    %store/vec4 v000001f0c933c2c0_0, 0, 1;
    %delay 10000, 0;
    %pushi/vec4 1, 0, 1;
    %store/vec4 v000001f0c933c220_0, 0, 1;
    %delay 10000, 0;
    %pushi/vec4 1, 0, 1;
    %store/vec4 v000001f0c933c2c0_0, 0, 1;
    %vpi_call 2 42 "$finish" {0 0 0};
    %end;
    .thread T_3;
    .scope S_000001f0c9255b60;
T_4 ;
    %vpi_call 2 47 "$monitor", "time=%0t | clk=%b | d=%b | en=%b | reset=%b | q=%b", $time, v000001f0c933c180_0, v000001f0c933c220_0, v000001f0c933c2c0_0, v000001f0c933c400_0, v000001f0c933c360_0 {0 0 0};
    %end;
    .thread T_4;
# The file index is used to find the file name in the following table.
:file_names 4;
    "N/A";
    "<interactive>";
    "tb.v";
    "./dflipflop.v";
