#! /c/Source/iverilog-install/bin/vvp
:ivl_version "12.0 (devel)" "(s20150603-1539-g2693dd32b)";
:ivl_delay_selection "TYPICAL";
:vpi_time_precision + 0;
:vpi_module "C:\iverilog\lib\ivl\system.vpi";
:vpi_module "C:\iverilog\lib\ivl\vhdl_sys.vpi";
:vpi_module "C:\iverilog\lib\ivl\vhdl_textio.vpi";
:vpi_module "C:\iverilog\lib\ivl\v2005_math.vpi";
:vpi_module "C:\iverilog\lib\ivl\va_math.vpi";
S_000001e4472364e0 .scope module, "bsignal" "bsignal" 2 17;
 .timescale 0 0;
    .port_info 0 /INPUT 4 "a";
    .port_info 1 /INPUT 4 "b";
    .port_info 2 /INPUT 1 "c";
    .port_info 3 /OUTPUT 4 "p";
L_000001e4472368f0 .functor NOT 4, L_000001e44723e200, C4<0000>, C4<0000>, C4<0000>;
o000001e4474f7038 .functor BUFZ 4, C4<zzzz>; HiZ drive
L_000001e4474f6ca0 .functor AND 4, o000001e4474f7038, L_000001e4472368f0, C4<1111>, C4<1111>;
o000001e4474f7068 .functor BUFZ 4, C4<zzzz>; HiZ drive
L_000001e4474f4f40 .functor AND 4, o000001e4474f7068, L_000001e44723e200, C4<1111>, C4<1111>;
L_000001e44723e330 .functor OR 4, L_000001e4474f6ca0, L_000001e4474f4f40, C4<0000>, C4<0000>;
v000001e447236c90_0 .net *"_ivl_2", 3 0, L_000001e4472368f0;  1 drivers
v000001e4474f6c00_0 .net *"_ivl_4", 3 0, L_000001e4474f6ca0;  1 drivers
v000001e447236670_0 .net *"_ivl_6", 3 0, L_000001e4474f4f40;  1 drivers
v000001e447236710_0 .net "a", 3 0, o000001e4474f7038;  0 drivers
v000001e4472367b0_0 .net "b", 3 0, o000001e4474f7068;  0 drivers
o000001e4474f7098 .functor BUFZ 1, C4<z>; HiZ drive
v000001e447236850_0 .net "c", 0 0, o000001e4474f7098;  0 drivers
v000001e44723e0c0_0 .net "cbus", 3 0, L_000001e44723e200;  1 drivers
v000001e44723e160_0 .net "p", 3 0, L_000001e44723e330;  1 drivers
L_000001e44723e200 .concat [ 1 1 1 1], o000001e4474f7098, o000001e4474f7098, o000001e4474f7098, o000001e4474f7098;
# The file index is used to find the file name in the following table.
:file_names 3;
    "N/A";
    "<interactive>";
    "bs.v";
