#! /c/Source/iverilog-install/bin/vvp
:ivl_version "12.0 (devel)" "(s20150603-1539-g2693dd32b)";
:ivl_delay_selection "TYPICAL";
:vpi_time_precision + 0;
:vpi_module "C:\iverilog\lib\ivl\system.vpi";
:vpi_module "C:\iverilog\lib\ivl\vhdl_sys.vpi";
:vpi_module "C:\iverilog\lib\ivl\vhdl_textio.vpi";
:vpi_module "C:\iverilog\lib\ivl\v2005_math.vpi";
:vpi_module "C:\iverilog\lib\ivl\va_math.vpi";
S_0000012408b565f0 .scope module, "comp1b3op" "comp1b3op" 2 3;
 .timescale 0 0;
    .port_info 0 /INPUT 1 "a";
    .port_info 1 /INPUT 1 "b";
    .port_info 2 /OUTPUT 1 "c";
    .port_info 3 /OUTPUT 1 "agb";
    .port_info 4 /OUTPUT 1 "alb";
o0000012408a36fd8 .functor BUFZ 1, C4<z>; HiZ drive
v0000012408b56b40_0 .net "a", 0 0, o0000012408a36fd8;  0 drivers
v0000012408b56780_0 .var "agb", 0 0;
v0000012408b56820_0 .var "alb", 0 0;
o0000012408a37068 .functor BUFZ 1, C4<z>; HiZ drive
v0000012408b568c0_0 .net "b", 0 0, o0000012408a37068;  0 drivers
v0000012408b5bc40_0 .var "c", 0 0;
E_0000012408b5d440 .event anyedge, v0000012408b56b40_0, v0000012408b568c0_0;
    .scope S_0000012408b565f0;
T_0 ;
    %wait E_0000012408b5d440;
    %load/vec4 v0000012408b56b40_0;
    %load/vec4 v0000012408b568c0_0;
    %cmp/e;
    %jmp/0xz  T_0.0, 4;
    %pushi/vec4 1, 0, 1;
    %store/vec4 v0000012408b5bc40_0, 0, 1;
    %pushi/vec4 0, 0, 1;
    %store/vec4 v0000012408b56780_0, 0, 1;
    %pushi/vec4 0, 0, 1;
    %store/vec4 v0000012408b56820_0, 0, 1;
    %jmp T_0.1;
T_0.0 ;
    %load/vec4 v0000012408b568c0_0;
    %load/vec4 v0000012408b56b40_0;
    %cmp/u;
    %jmp/0xz  T_0.2, 5;
    %pushi/vec4 0, 0, 1;
    %store/vec4 v0000012408b5bc40_0, 0, 1;
    %pushi/vec4 1, 0, 1;
    %store/vec4 v0000012408b56780_0, 0, 1;
    %pushi/vec4 0, 0, 1;
    %store/vec4 v0000012408b56820_0, 0, 1;
    %jmp T_0.3;
T_0.2 ;
    %pushi/vec4 0, 0, 1;
    %store/vec4 v0000012408b5bc40_0, 0, 1;
    %pushi/vec4 0, 0, 1;
    %store/vec4 v0000012408b56780_0, 0, 1;
    %pushi/vec4 1, 0, 1;
    %store/vec4 v0000012408b56820_0, 0, 1;
T_0.3 ;
T_0.1 ;
    %jmp T_0;
    .thread T_0, $push;
# The file index is used to find the file name in the following table.
:file_names 3;
    "N/A";
    "<interactive>";
    "comp1b3op.v";
