#! /c/Source/iverilog-install/bin/vvp
:ivl_version "12.0 (devel)" "(s20150603-1539-g2693dd32b)";
:ivl_delay_selection "TYPICAL";
:vpi_time_precision + 0;
:vpi_module "C:\iverilog\lib\ivl\system.vpi";
:vpi_module "C:\iverilog\lib\ivl\vhdl_sys.vpi";
:vpi_module "C:\iverilog\lib\ivl\vhdl_textio.vpi";
:vpi_module "C:\iverilog\lib\ivl\v2005_math.vpi";
:vpi_module "C:\iverilog\lib\ivl\va_math.vpi";
S_0000018c10da64e0 .scope module, "intermediatewire" "intermediatewire" 2 1;
 .timescale 0 0;
    .port_info 0 /INPUT 1 "a";
    .port_info 1 /INPUT 1 "b";
    .port_info 2 /INPUT 1 "c";
    .port_info 3 /OUTPUT 1 "p";
    .port_info 4 /OUTPUT 1 "q";
o0000018c10df6fd8 .functor BUFZ 1, C4<z>; HiZ drive
o0000018c10df7008 .functor BUFZ 1, C4<z>; HiZ drive
L_0000018c10df6de0 .functor AND 1, o0000018c10df6fd8, o0000018c10df7008, C4<1>, C4<1>;
o0000018c10df7038 .functor BUFZ 1, C4<z>; HiZ drive
L_0000018c10da90d0 .functor AND 1, L_0000018c10df6de0, o0000018c10df7038, C4<1>, C4<1>;
L_0000018c10da6f80 .functor OR 1, L_0000018c10df6de0, o0000018c10df7038, C4<0>, C4<0>;
v0000018c10da6b40_0 .net "a", 0 0, o0000018c10df6fd8;  0 drivers
v0000018c10da9030_0 .net "b", 0 0, o0000018c10df7008;  0 drivers
v0000018c10df6d40_0 .net "c", 0 0, o0000018c10df7038;  0 drivers
v0000018c10da6670_0 .net "intmwire", 0 0, L_0000018c10df6de0;  1 drivers
v0000018c10da6710_0 .net "p", 0 0, L_0000018c10da90d0;  1 drivers
v0000018c10da67b0_0 .net "q", 0 0, L_0000018c10da6f80;  1 drivers
# The file index is used to find the file name in the following table.
:file_names 3;
    "N/A";
    "<interactive>";
    "intermidiatewire.v";
