#! /c/Source/iverilog-install/bin/vvp
:ivl_version "12.0 (devel)" "(s20150603-1539-g2693dd32b)";
:ivl_delay_selection "TYPICAL";
:vpi_time_precision + 0;
:vpi_module "C:\iverilog\lib\ivl\system.vpi";
:vpi_module "C:\iverilog\lib\ivl\vhdl_sys.vpi";
:vpi_module "C:\iverilog\lib\ivl\vhdl_textio.vpi";
:vpi_module "C:\iverilog\lib\ivl\v2005_math.vpi";
:vpi_module "C:\iverilog\lib\ivl\va_math.vpi";
S_000001eb020b2d20 .scope module, "mux_2" "mux_2" 2 5;
 .timescale 0 0;
    .port_info 0 /INPUT 1 "a";
    .port_info 1 /INPUT 1 "b";
    .port_info 2 /INPUT 1 "se";
    .port_info 3 /INPUT 1 "en";
    .port_info 4 /OUTPUT 1 "y";
v000001eb020b3580_0 .net *"_ivl_0", 0 0, L_000001eb0209e130;  1 drivers
L_000001eb0212bc18 .functor BUFT 1, C4<0>, C4<0>, C4<0>, C4<0>;
v000001eb020b2eb0_0 .net/2u *"_ivl_2", 0 0, L_000001eb0212bc18;  1 drivers
o000001eb020e7018 .functor BUFZ 1, C4<z>; HiZ drive
v000001eb020b2f50_0 .net "a", 0 0, o000001eb020e7018;  0 drivers
o000001eb020e7048 .functor BUFZ 1, C4<z>; HiZ drive
v000001eb020b2ff0_0 .net "b", 0 0, o000001eb020e7048;  0 drivers
o000001eb020e7078 .functor BUFZ 1, C4<z>; HiZ drive
v000001eb020b3090_0 .net "en", 0 0, o000001eb020e7078;  0 drivers
o000001eb020e70a8 .functor BUFZ 1, C4<z>; HiZ drive
v000001eb0209dff0_0 .net "se", 0 0, o000001eb020e70a8;  0 drivers
v000001eb0209e090_0 .net "y", 0 0, L_000001eb0209e9e0;  1 drivers
L_000001eb0209e130 .functor MUXZ 1, o000001eb020e7048, o000001eb020e7018, o000001eb020e70a8, C4<>;
L_000001eb0209e9e0 .functor MUXZ 1, L_000001eb0212bc18, L_000001eb0209e130, o000001eb020e7078, C4<>;
# The file index is used to find the file name in the following table.
:file_names 3;
    "N/A";
    "<interactive>";
    "mux2.v";
