#! /c/Source/iverilog-install/bin/vvp
:ivl_version "12.0 (devel)" "(s20150603-1539-g2693dd32b)";
:ivl_delay_selection "TYPICAL";
:vpi_time_precision - 12;
:vpi_module "C:\iverilog\lib\ivl\system.vpi";
:vpi_module "C:\iverilog\lib\ivl\vhdl_sys.vpi";
:vpi_module "C:\iverilog\lib\ivl\vhdl_textio.vpi";
:vpi_module "C:\iverilog\lib\ivl\v2005_math.vpi";
:vpi_module "C:\iverilog\lib\ivl\va_math.vpi";
S_000001c106f9b7f0 .scope module, "tb" "tb" 2 4;
 .timescale -12 -12;
v000001c106e82fe0_0 .var "a", 0 0;
v000001c106e83080_0 .var "b", 0 0;
v000001c106e83120_0 .var "en", 0 0;
v000001c106f9c010_0 .var "se", 0 0;
v000001c106f9c0b0_0 .net "y", 0 0, L_000001c106f9c1f0;  1 drivers
S_000001c106f9b980 .scope module, "uut" "mux_2" 2 12, 3 5 0, S_000001c106f9b7f0;
 .timescale -12 -12;
    .port_info 0 /INPUT 1 "a";
    .port_info 1 /INPUT 1 "b";
    .port_info 2 /INPUT 1 "se";
    .port_info 3 /INPUT 1 "en";
    .port_info 4 /OUTPUT 1 "y";
v000001c106e835c0_0 .net *"_ivl_0", 0 0, L_000001c106f9c150;  1 drivers
L_000001c106f06038 .functor BUFT 1, C4<0>, C4<0>, C4<0>, C4<0>;
v000001c106f9bb10_0 .net/2u *"_ivl_2", 0 0, L_000001c106f06038;  1 drivers
v000001c106f99ff0_0 .net "a", 0 0, v000001c106e82fe0_0;  1 drivers
v000001c106e82d60_0 .net "b", 0 0, v000001c106e83080_0;  1 drivers
v000001c106e82e00_0 .net "en", 0 0, v000001c106e83120_0;  1 drivers
v000001c106e82ea0_0 .net "se", 0 0, v000001c106f9c010_0;  1 drivers
v000001c106e82f40_0 .net "y", 0 0, L_000001c106f9c1f0;  alias, 1 drivers
L_000001c106f9c150 .functor MUXZ 1, v000001c106e83080_0, v000001c106e82fe0_0, v000001c106f9c010_0, C4<>;
L_000001c106f9c1f0 .functor MUXZ 1, L_000001c106f06038, L_000001c106f9c150, v000001c106e83120_0, C4<>;
    .scope S_000001c106f9b7f0;
T_0 ;
    %vpi_call 2 22 "$dumpfile", "dump.vcd" {0 0 0};
    %vpi_call 2 23 "$dumpvars", 32'sb00000000000000000000000000000000, S_000001c106f9b7f0 {0 0 0};
    %pushi/vec4 0, 0, 1;
    %store/vec4 v000001c106e82fe0_0, 0, 1;
    %pushi/vec4 0, 0, 1;
    %store/vec4 v000001c106e83080_0, 0, 1;
    %pushi/vec4 0, 0, 1;
    %store/vec4 v000001c106f9c010_0, 0, 1;
    %pushi/vec4 0, 0, 1;
    %store/vec4 v000001c106e83120_0, 0, 1;
    %delay 10, 0;
    %pushi/vec4 1, 0, 1;
    %store/vec4 v000001c106e82fe0_0, 0, 1;
    %pushi/vec4 0, 0, 1;
    %store/vec4 v000001c106e83080_0, 0, 1;
    %pushi/vec4 0, 0, 1;
    %store/vec4 v000001c106f9c010_0, 0, 1;
    %pushi/vec4 1, 0, 1;
    %store/vec4 v000001c106e83120_0, 0, 1;
    %delay 10, 0;
    %pushi/vec4 1, 0, 1;
    %store/vec4 v000001c106e82fe0_0, 0, 1;
    %pushi/vec4 0, 0, 1;
    %store/vec4 v000001c106e83080_0, 0, 1;
    %pushi/vec4 1, 0, 1;
    %store/vec4 v000001c106f9c010_0, 0, 1;
    %pushi/vec4 1, 0, 1;
    %store/vec4 v000001c106e83120_0, 0, 1;
    %delay 10, 0;
    %pushi/vec4 0, 0, 1;
    %store/vec4 v000001c106e82fe0_0, 0, 1;
    %pushi/vec4 1, 0, 1;
    %store/vec4 v000001c106e83080_0, 0, 1;
    %pushi/vec4 0, 0, 1;
    %store/vec4 v000001c106f9c010_0, 0, 1;
    %pushi/vec4 1, 0, 1;
    %store/vec4 v000001c106e83120_0, 0, 1;
    %delay 10, 0;
    %pushi/vec4 1, 0, 1;
    %store/vec4 v000001c106e82fe0_0, 0, 1;
    %pushi/vec4 1, 0, 1;
    %store/vec4 v000001c106e83080_0, 0, 1;
    %pushi/vec4 1, 0, 1;
    %store/vec4 v000001c106f9c010_0, 0, 1;
    %pushi/vec4 1, 0, 1;
    %store/vec4 v000001c106e83120_0, 0, 1;
    %delay 10, 0;
    %pushi/vec4 1, 0, 1;
    %store/vec4 v000001c106e82fe0_0, 0, 1;
    %pushi/vec4 1, 0, 1;
    %store/vec4 v000001c106e83080_0, 0, 1;
    %pushi/vec4 0, 0, 1;
    %store/vec4 v000001c106f9c010_0, 0, 1;
    %pushi/vec4 0, 0, 1;
    %store/vec4 v000001c106e83120_0, 0, 1;
    %delay 10, 0;
    %pushi/vec4 0, 0, 1;
    %store/vec4 v000001c106e82fe0_0, 0, 1;
    %pushi/vec4 0, 0, 1;
    %store/vec4 v000001c106e83080_0, 0, 1;
    %pushi/vec4 1, 0, 1;
    %store/vec4 v000001c106f9c010_0, 0, 1;
    %pushi/vec4 0, 0, 1;
    %store/vec4 v000001c106e83120_0, 0, 1;
    %end;
    .thread T_0;
    .scope S_000001c106f9b7f0;
T_1 ;
    %vpi_call 2 38 "$monitor", "a=%b, b=%b, se=%b, en=%b => y=%b", v000001c106e82fe0_0, v000001c106e83080_0, v000001c106f9c010_0, v000001c106e83120_0, v000001c106f9c0b0_0 {0 0 0};
    %end;
    .thread T_1;
# The file index is used to find the file name in the following table.
:file_names 4;
    "N/A";
    "<interactive>";
    "tb.v";
    "./mux2.v";
