#! /c/Source/iverilog-install/bin/vvp
:ivl_version "12.0 (devel)" "(s20150603-1539-g2693dd32b)";
:ivl_delay_selection "TYPICAL";
:vpi_time_precision + 0;
:vpi_module "C:\iverilog\lib\ivl\system.vpi";
:vpi_module "C:\iverilog\lib\ivl\vhdl_sys.vpi";
:vpi_module "C:\iverilog\lib\ivl\vhdl_textio.vpi";
:vpi_module "C:\iverilog\lib\ivl\v2005_math.vpi";
:vpi_module "C:\iverilog\lib\ivl\va_math.vpi";
S_0000018f0eeeee20 .scope module, "divideby3" "divideby3" 2 1;
 .timescale 0 0;
    .port_info 0 /INPUT 1 "clk";
    .port_info 1 /INPUT 1 "reset";
    .port_info 2 /OUTPUT 1 "y";
P_0000018f0eee6710 .param/l "S0" 0 2 9, C4<00>;
P_0000018f0eee6748 .param/l "S1" 0 2 10, C4<01>;
P_0000018f0eee6780 .param/l "S2" 0 2 11, C4<10>;
o0000018f0ef36fd8 .functor BUFZ 1, C4<z>; HiZ drive
v0000018f0eeeeac0_0 .net "clk", 0 0, o0000018f0ef36fd8;  0 drivers
v0000018f0eee6f90_0 .var "nextstate", 1 0;
o0000018f0ef37038 .functor BUFZ 1, C4<z>; HiZ drive
v0000018f0eeebc00_0 .net "reset", 0 0, o0000018f0ef37038;  0 drivers
v0000018f0eeebca0_0 .var "state", 1 0;
v0000018f0eeebd40_0 .var "y", 0 0;
E_0000018f0eeec110 .event posedge, v0000018f0eeebc00_0, v0000018f0eeeeac0_0;
E_0000018f0eeec5d0 .event anyedge, v0000018f0eeebca0_0;
    .scope S_0000018f0eeeee20;
T_0 ;
    %wait E_0000018f0eeec110;
    %load/vec4 v0000018f0eeebc00_0;
    %flag_set/vec4 8;
    %jmp/0xz  T_0.0, 8;
    %pushi/vec4 0, 0, 2;
    %assign/vec4 v0000018f0eeebca0_0, 0;
    %jmp T_0.1;
T_0.0 ;
    %load/vec4 v0000018f0eee6f90_0;
    %assign/vec4 v0000018f0eeebca0_0, 0;
T_0.1 ;
    %jmp T_0;
    .thread T_0;
    .scope S_0000018f0eeeee20;
T_1 ;
    %wait E_0000018f0eeec5d0;
    %load/vec4 v0000018f0eeebca0_0;
    %dup/vec4;
    %pushi/vec4 0, 0, 2;
    %cmp/u;
    %jmp/1 T_1.0, 6;
    %dup/vec4;
    %pushi/vec4 1, 0, 2;
    %cmp/u;
    %jmp/1 T_1.1, 6;
    %dup/vec4;
    %pushi/vec4 2, 0, 2;
    %cmp/u;
    %jmp/1 T_1.2, 6;
    %pushi/vec4 0, 0, 2;
    %store/vec4 v0000018f0eee6f90_0, 0, 2;
    %jmp T_1.4;
T_1.0 ;
    %pushi/vec4 1, 0, 2;
    %store/vec4 v0000018f0eee6f90_0, 0, 2;
    %jmp T_1.4;
T_1.1 ;
    %pushi/vec4 2, 0, 2;
    %store/vec4 v0000018f0eee6f90_0, 0, 2;
    %jmp T_1.4;
T_1.2 ;
    %pushi/vec4 0, 0, 2;
    %store/vec4 v0000018f0eee6f90_0, 0, 2;
    %jmp T_1.4;
T_1.4 ;
    %pop/vec4 1;
    %jmp T_1;
    .thread T_1, $push;
    .scope S_0000018f0eeeee20;
T_2 ;
    %wait E_0000018f0eeec110;
    %load/vec4 v0000018f0eeebc00_0;
    %flag_set/vec4 8;
    %jmp/0xz  T_2.0, 8;
    %pushi/vec4 0, 0, 1;
    %assign/vec4 v0000018f0eeebd40_0, 0;
    %jmp T_2.1;
T_2.0 ;
    %load/vec4 v0000018f0eeebca0_0;
    %pushi/vec4 0, 0, 2;
    %cmp/e;
    %flag_get/vec4 4;
    %assign/vec4 v0000018f0eeebd40_0, 0;
T_2.1 ;
    %jmp T_2;
    .thread T_2;
# The file index is used to find the file name in the following table.
:file_names 3;
    "N/A";
    "<interactive>";
    "fsm_moor.v";
