#! /c/Source/iverilog-install/bin/vvp
:ivl_version "12.0 (devel)" "(s20150603-1539-g2693dd32b)";
:ivl_delay_selection "TYPICAL";
:vpi_time_precision - 12;
:vpi_module "C:\iverilog\lib\ivl\system.vpi";
:vpi_module "C:\iverilog\lib\ivl\vhdl_sys.vpi";
:vpi_module "C:\iverilog\lib\ivl\vhdl_textio.vpi";
:vpi_module "C:\iverilog\lib\ivl\v2005_math.vpi";
:vpi_module "C:\iverilog\lib\ivl\va_math.vpi";
S_00000202d4199b30 .scope module, "tb" "tb" 2 3;
 .timescale -9 -12;
v00000202d419dce0_0 .var "clk", 0 0;
v00000202d4053920_0 .var "reset", 0 0;
v00000202d40539c0_0 .net "y", 0 0, v00000202d419dc40_0;  1 drivers
S_00000202d419d970 .scope module, "uut" "divideby3" 2 13, 3 1 0, S_00000202d4199b30;
 .timescale -9 -12;
    .port_info 0 /INPUT 1 "clk";
    .port_info 1 /INPUT 1 "reset";
    .port_info 2 /OUTPUT 1 "y";
P_00000202d419bee0 .param/l "S0" 0 3 9, C4<00>;
P_00000202d419bf18 .param/l "S1" 0 3 10, C4<01>;
P_00000202d419bf50 .param/l "S2" 0 3 11, C4<10>;
v00000202d4196fd0_0 .net "clk", 0 0, v00000202d419dce0_0;  1 drivers
v00000202d4196b50_0 .var "nextstate", 1 0;
v00000202d419db00_0 .net "reset", 0 0, v00000202d4053920_0;  1 drivers
v00000202d419dba0_0 .var "state", 1 0;
v00000202d419dc40_0 .var "y", 0 0;
E_00000202d4198d00 .event posedge, v00000202d419db00_0, v00000202d4196fd0_0;
E_00000202d4198040 .event anyedge, v00000202d419dba0_0;
    .scope S_00000202d419d970;
T_0 ;
    %wait E_00000202d4198d00;
    %load/vec4 v00000202d419db00_0;
    %flag_set/vec4 8;
    %jmp/0xz  T_0.0, 8;
    %pushi/vec4 0, 0, 2;
    %assign/vec4 v00000202d419dba0_0, 0;
    %jmp T_0.1;
T_0.0 ;
    %load/vec4 v00000202d4196b50_0;
    %assign/vec4 v00000202d419dba0_0, 0;
T_0.1 ;
    %jmp T_0;
    .thread T_0;
    .scope S_00000202d419d970;
T_1 ;
    %wait E_00000202d4198040;
    %load/vec4 v00000202d419dba0_0;
    %dup/vec4;
    %pushi/vec4 0, 0, 2;
    %cmp/u;
    %jmp/1 T_1.0, 6;
    %dup/vec4;
    %pushi/vec4 1, 0, 2;
    %cmp/u;
    %jmp/1 T_1.1, 6;
    %dup/vec4;
    %pushi/vec4 2, 0, 2;
    %cmp/u;
    %jmp/1 T_1.2, 6;
    %pushi/vec4 0, 0, 2;
    %store/vec4 v00000202d4196b50_0, 0, 2;
    %jmp T_1.4;
T_1.0 ;
    %pushi/vec4 1, 0, 2;
    %store/vec4 v00000202d4196b50_0, 0, 2;
    %jmp T_1.4;
T_1.1 ;
    %pushi/vec4 2, 0, 2;
    %store/vec4 v00000202d4196b50_0, 0, 2;
    %jmp T_1.4;
T_1.2 ;
    %pushi/vec4 0, 0, 2;
    %store/vec4 v00000202d4196b50_0, 0, 2;
    %jmp T_1.4;
T_1.4 ;
    %pop/vec4 1;
    %jmp T_1;
    .thread T_1, $push;
    .scope S_00000202d419d970;
T_2 ;
    %wait E_00000202d4198d00;
    %load/vec4 v00000202d419db00_0;
    %flag_set/vec4 8;
    %jmp/0xz  T_2.0, 8;
    %pushi/vec4 0, 0, 1;
    %assign/vec4 v00000202d419dc40_0, 0;
    %jmp T_2.1;
T_2.0 ;
    %load/vec4 v00000202d419dba0_0;
    %pushi/vec4 0, 0, 2;
    %cmp/e;
    %flag_get/vec4 4;
    %assign/vec4 v00000202d419dc40_0, 0;
T_2.1 ;
    %jmp T_2;
    .thread T_2;
    .scope S_00000202d4199b30;
T_3 ;
    %vpi_call 2 20 "$dumpfile", "fsm_moor.vcd" {0 0 0};
    %vpi_call 2 21 "$dumpvars", 32'sb00000000000000000000000000000000, S_00000202d4199b30 {0 0 0};
    %end;
    .thread T_3;
    .scope S_00000202d4199b30;
T_4 ;
    %pushi/vec4 0, 0, 1;
    %store/vec4 v00000202d419dce0_0, 0, 1;
T_4.0 ;
    %delay 5000, 0;
    %load/vec4 v00000202d419dce0_0;
    %inv;
    %store/vec4 v00000202d419dce0_0, 0, 1;
    %jmp T_4.0;
    %end;
    .thread T_4;
    .scope S_00000202d4199b30;
T_5 ;
    %pushi/vec4 1, 0, 1;
    %store/vec4 v00000202d4053920_0, 0, 1;
    %delay 20000, 0;
    %pushi/vec4 0, 0, 1;
    %store/vec4 v00000202d4053920_0, 0, 1;
    %delay 200000, 0;
    %vpi_call 2 41 "$finish" {0 0 0};
    %end;
    .thread T_5;
    .scope S_00000202d4199b30;
T_6 ;
    %vpi_call 2 46 "$display", "Time\011clk\011reset\011y" {0 0 0};
    %vpi_call 2 47 "$monitor", "%0t\011%b\011%b\011%b", $time, v00000202d419dce0_0, v00000202d4053920_0, v00000202d40539c0_0 {0 0 0};
    %end;
    .thread T_6;
# The file index is used to find the file name in the following table.
:file_names 4;
    "N/A";
    "<interactive>";
    "tb.v";
    "./fsm_moor.v";
